Fri Jul 07 15:02:40 CEST 2017  [debug] AvalonLogSystem initialized using logfile 'velocity.log'
Fri Jul 07 15:02:40 CEST 2017   [info] ************************************************************** 
Fri Jul 07 15:02:40 CEST 2017   [info] Starting Jakarta Velocity v1.4
Fri Jul 07 15:02:40 CEST 2017   [info] RuntimeInstance initializing.
Fri Jul 07 15:02:40 CEST 2017   [info] Default Properties File: org\apache\velocity\runtime\defaults\velocity.properties
Fri Jul 07 15:02:40 CEST 2017   [info] Trying to use logger class org.apache.velocity.runtime.log.AvalonLogSystem
Fri Jul 07 15:02:40 CEST 2017   [info] Using logger class org.apache.velocity.runtime.log.AvalonLogSystem
Fri Jul 07 15:02:40 CEST 2017   [info] Default ResourceManager initializing. (class org.apache.velocity.runtime.resource.ResourceManagerImpl)
Fri Jul 07 15:02:40 CEST 2017   [info] Resource Loader Instantiated: org.apache.velocity.runtime.resource.loader.JarResourceLoader
Fri Jul 07 15:02:40 CEST 2017   [info] JarResourceLoader : initialization starting.
Fri Jul 07 15:02:40 CEST 2017   [info] JarResourceLoader # of paths : 1
Fri Jul 07 15:02:40 CEST 2017   [info] JarResourceLoader : trying to load: jar:file:/C:/Users/OliverRode/.m2/repository/org/codehaus/mojo/webstart-maven-plugin/1.0-beta-7/webstart-maven-plugin-1.0-beta-7.jar!/
Fri Jul 07 15:02:40 CEST 2017   [info]   JarHolder : attempting to connect to jar:file:/C:/Users/OliverRode/.m2/repository/org/codehaus/mojo/webstart-maven-plugin/1.0-beta-7/webstart-maven-plugin-1.0-beta-7.jar!/
Fri Jul 07 15:02:40 CEST 2017   [info]   JarHolder : initialized JAR: jar:file:/C:/Users/OliverRode/.m2/repository/org/codehaus/mojo/webstart-maven-plugin/1.0-beta-7/webstart-maven-plugin-1.0-beta-7.jar!/
Fri Jul 07 15:02:40 CEST 2017   [info] JarResourceLoader : initialization complete.
Fri Jul 07 15:02:40 CEST 2017   [info] ResourceCache : initialized. (class org.apache.velocity.runtime.resource.ResourceCacheImpl)
Fri Jul 07 15:02:40 CEST 2017   [info] Default ResourceManager initialization complete.
Fri Jul 07 15:02:40 CEST 2017   [info] Loaded System Directive: org.apache.velocity.runtime.directive.Literal
Fri Jul 07 15:02:40 CEST 2017   [info] Loaded System Directive: org.apache.velocity.runtime.directive.Macro
Fri Jul 07 15:02:40 CEST 2017   [info] Loaded System Directive: org.apache.velocity.runtime.directive.Parse
Fri Jul 07 15:02:40 CEST 2017   [info] Loaded System Directive: org.apache.velocity.runtime.directive.Include
Fri Jul 07 15:02:40 CEST 2017   [info] Loaded System Directive: org.apache.velocity.runtime.directive.Foreach
Fri Jul 07 15:02:40 CEST 2017   [info] Created: 20 parsers.
Fri Jul 07 15:02:40 CEST 2017   [info] Velocimacro : initialization starting.
Fri Jul 07 15:02:40 CEST 2017   [info] Velocimacro : adding VMs from VM library template : VM_global_library.vm
Fri Jul 07 15:02:40 CEST 2017  [error] ResourceManager : unable to find resource 'VM_global_library.vm' in any resource loader.
Fri Jul 07 15:02:40 CEST 2017   [info] Velocimacro : error using  VM library template VM_global_library.vm : org.apache.velocity.exception.ResourceNotFoundException: Unable to find resource 'VM_global_library.vm'
Fri Jul 07 15:02:40 CEST 2017   [info] Velocimacro :  VM library template macro registration complete.
Fri Jul 07 15:02:40 CEST 2017   [info] Velocimacro : allowInline = true : VMs can be defined inline in templates
Fri Jul 07 15:02:40 CEST 2017   [info] Velocimacro : allowInlineToOverride = false : VMs defined inline may NOT replace previous VM definitions
Fri Jul 07 15:02:40 CEST 2017   [info] Velocimacro : allowInlineLocal = false : VMs defined inline will be  global in scope if allowed.
Fri Jul 07 15:02:40 CEST 2017   [info] Velocimacro : messages on  : VM system will output logging messages
Fri Jul 07 15:02:40 CEST 2017   [info] Velocimacro : autoload off  : VM system will not automatically reload global library macros
Fri Jul 07 15:02:40 CEST 2017   [info] Velocimacro : initialization complete.
Fri Jul 07 15:02:40 CEST 2017   [info] Velocity successfully started.
Fri Jul 07 15:02:40 CEST 2017   [info] ResourceManager : found default-jnlp-template.vm with loader org.apache.velocity.runtime.resource.loader.JarResourceLoader
