#
# A fatal error has been detected by the Java Runtime Environment:
#
#  EXCEPTION_ACCESS_VIOLATION (0xc0000005) at pc=0x0000826c, pid=15736, tid=0x00002d90
#
# JRE version: Java(TM) SE Runtime Environment (8.0_161-b12) (build 1.8.0_161-b12)
# Java VM: Java HotSpot(TM) Client VM (25.161-b12 mixed mode, sharing windows-x86 )
# Problematic frame:
# C  0x0000826c
#
# Failed to write core dump. Minidumps are not enabled by default on client versions of Windows
#
# If you would like to submit a bug report, please visit:
#   http://bugreport.java.com/bugreport/crash.jsp
# The crash happened outside the Java Virtual Machine in native code.
# See problematic frame for where to report the bug.
#

---------------  T H R E A D  ---------------

Current thread (0x15d70400):  JavaThread "JavaFX Application Thread" [_thread_in_native, id=11664, stack(0x17050000,0x170a0000)]

siginfo: ExceptionCode=0xc0000005, ExceptionInformation=0x00000008 0x0000826c

Registers:
EAX=0x1709e49c, EBX=0x1709e4d0, ECX=0x15d70540, EDX=0x00401947
ESP=0x1709e47c, EBP=0x1709e4e8, ESI=0x01bcd980, EDI=0x15d70400
EIP=0x0000826c, EFLAGS=0x00010202

Top of Stack: (sp=0x1709e47c)
0x1709e47c:   00401891 1709e49c 01bcd980 15d70400
0x1709e48c:   0040185c 00000001 15d9c558 15d70400
0x1709e49c:   00000004 15d70400 01bcd980 0171c580
0x1709e4ac:   0000015c 15d70400 00401d90 00403114
0x1709e4bc:   1709e4d0 00401947 1709e480 15d70400
0x1709e4cc:   01bcd980 01bcd980 01bcd980 15d70400
0x1709e4dc:   01bcd980 01bcd980 15d70400 1709e520
0x1709e4ec:   0340daf1 15d70540 1709e530 01bcd980 

Instructions: (pc=0x0000826c)
0x0000824c:   
[error occurred during error reporting (printing registers, top of stack, instructions near pc), id 0xc0000005]

Register to memory mapping:

EAX=0x1709e49c is pointing into the stack for thread: 0x15d70400
EBX=0x1709e4d0 is pointing into the stack for thread: 0x15d70400
ECX=0x15d70540 is an unknown value
EDX=0x00401947 is an unknown value
ESP=0x1709e47c is pointing into the stack for thread: 0x15d70400
EBP=0x1709e4e8 is pointing into the stack for thread: 0x15d70400
ESI={method} {0x01bcd984} 'init' '()V' in 'cc0/NativeExample'
EDI=0x15d70400 is a thread


Stack: [0x17050000,0x170a0000],  sp=0x1709e47c,  free space=313k
Native frames: (J=compiled Java code, j=interpreted, Vv=VM code, C=native code)
C  0x0000826c
j  cc0.NativeExample.init()V+0
v  ~StubRoutines::call_stub
V  [jvm.dll+0x15b6d5]
V  [jvm.dll+0x22229e]
V  [jvm.dll+0x15b76e]
V  [jvm.dll+0x168078]
V  [jvm.dll+0x1682e3]
V  [jvm.dll+0x1045e3]
C  [java.dll+0x3be3]
j  sun.reflect.NativeMethodAccessorImpl.invoke(Ljava/lang/Object;[Ljava/lang/Object;)Ljava/lang/Object;+100
j  sun.reflect.DelegatingMethodAccessorImpl.invoke(Ljava/lang/Object;[Ljava/lang/Object;)Ljava/lang/Object;+6
j  java.lang.reflect.Method.invoke(Ljava/lang/Object;[Ljava/lang/Object;)Ljava/lang/Object;+56
j  de.screenflow.frankenstein.vf.segment.NativeSegmentFilter.<init>(Ljava/lang/String;Ljava/lang/String;)V+120
j  de.screenflow.frankenstein.vf.segment.NativeExampleFilter.<init>()V+5
j  de.screenflow.frankenstein.fxml.FxMain.createSegmentFilters()V+70
j  de.screenflow.frankenstein.fxml.FxMain.buildUI()V+1
j  de.screenflow.frankenstein.fxml.FxMain.start(Ljavafx/stage/Stage;)V+148
j  com.sun.javafx.application.LauncherImpl.lambda$launchApplication1$161(Ljava/util/concurrent/atomic/AtomicBoolean;Ljavafx/application/Application;)V+20
j  com.sun.javafx.application.LauncherImpl$$Lambda$53.run()V+8
j  com.sun.javafx.application.PlatformImpl.lambda$runAndWait$174(Ljava/lang/Runnable;Ljava/util/concurrent/CountDownLatch;)V+1
j  com.sun.javafx.application.PlatformImpl$$Lambda$49.run()V+8
j  com.sun.javafx.application.PlatformImpl.lambda$null$172(Ljava/lang/Runnable;)Ljava/lang/Void;+1
j  com.sun.javafx.application.PlatformImpl$$Lambda$51.run()Ljava/lang/Object;+4
v  ~StubRoutines::call_stub
V  [jvm.dll+0x15b6d5]
V  [jvm.dll+0x22229e]
V  [jvm.dll+0x15b76e]
V  [jvm.dll+0x10b83f]
C  [java.dll+0x102f]
j  com.sun.javafx.application.PlatformImpl.lambda$runLater$173(Ljava/lang/Runnable;Ljava/security/AccessControlContext;)V+7
j  com.sun.javafx.application.PlatformImpl$$Lambda$50.run()V+8
j  com.sun.glass.ui.InvokeLaterDispatcher$Future.run()V+4
v  ~StubRoutines::call_stub
V  [jvm.dll+0x15b6d5]
V  [jvm.dll+0x22229e]
V  [jvm.dll+0x15b76e]
V  [jvm.dll+0xdd2fb]
V  [jvm.dll+0xe028c]
C  [glass.dll+0x469c]

Java frames: (J=compiled Java code, j=interpreted, Vv=VM code)
j  cc0.NativeExample.init()V+0
v  ~StubRoutines::call_stub
j  sun.reflect.NativeMethodAccessorImpl.invoke0(Ljava/lang/reflect/Method;Ljava/lang/Object;[Ljava/lang/Object;)Ljava/lang/Object;+0
j  sun.reflect.NativeMethodAccessorImpl.invoke(Ljava/lang/Object;[Ljava/lang/Object;)Ljava/lang/Object;+100
j  sun.reflect.DelegatingMethodAccessorImpl.invoke(Ljava/lang/Object;[Ljava/lang/Object;)Ljava/lang/Object;+6
j  java.lang.reflect.Method.invoke(Ljava/lang/Object;[Ljava/lang/Object;)Ljava/lang/Object;+56
j  de.screenflow.frankenstein.vf.segment.NativeSegmentFilter.<init>(Ljava/lang/String;Ljava/lang/String;)V+120
j  de.screenflow.frankenstein.vf.segment.NativeExampleFilter.<init>()V+5
j  de.screenflow.frankenstein.fxml.FxMain.createSegmentFilters()V+70
j  de.screenflow.frankenstein.fxml.FxMain.buildUI()V+1
j  de.screenflow.frankenstein.fxml.FxMain.start(Ljavafx/stage/Stage;)V+148
j  com.sun.javafx.application.LauncherImpl.lambda$launchApplication1$161(Ljava/util/concurrent/atomic/AtomicBoolean;Ljavafx/application/Application;)V+20
j  com.sun.javafx.application.LauncherImpl$$Lambda$53.run()V+8
j  com.sun.javafx.application.PlatformImpl.lambda$runAndWait$174(Ljava/lang/Runnable;Ljava/util/concurrent/CountDownLatch;)V+1
j  com.sun.javafx.application.PlatformImpl$$Lambda$49.run()V+8
j  com.sun.javafx.application.PlatformImpl.lambda$null$172(Ljava/lang/Runnable;)Ljava/lang/Void;+1
j  com.sun.javafx.application.PlatformImpl$$Lambda$51.run()Ljava/lang/Object;+4
v  ~StubRoutines::call_stub
j  java.security.AccessController.doPrivileged(Ljava/security/PrivilegedAction;Ljava/security/AccessControlContext;)Ljava/lang/Object;+0
j  com.sun.javafx.application.PlatformImpl.lambda$runLater$173(Ljava/lang/Runnable;Ljava/security/AccessControlContext;)V+7
j  com.sun.javafx.application.PlatformImpl$$Lambda$50.run()V+8
j  com.sun.glass.ui.InvokeLaterDispatcher$Future.run()V+4
v  ~StubRoutines::call_stub
j  com.sun.glass.ui.win.WinApplication._runLoop(Ljava/lang/Runnable;)V+0
j  com.sun.glass.ui.win.WinApplication.lambda$null$147(ILjava/lang/Runnable;)V+8
j  com.sun.glass.ui.win.WinApplication$$Lambda$39.run()V+12
j  java.lang.Thread.run()V+11
v  ~StubRoutines::call_stub

---------------  P R O C E S S  ---------------

Java Threads: ( => current thread )
  0x15d79000 JavaThread "Thread-3" daemon [_thread_in_native, id=9712, stack(0x20b10000,0x20b60000)]
=>0x15d70400 JavaThread "JavaFX Application Thread" [_thread_in_native, id=11664, stack(0x17050000,0x170a0000)]
  0x15d6d800 JavaThread "Thread-2" daemon [_thread_blocked, id=2472, stack(0x16fc0000,0x17010000)]
  0x15d60c00 JavaThread "QuantumRenderer-0" daemon [_thread_blocked, id=2728, stack(0x16ac0000,0x16b10000)]
  0x15cfec00 JavaThread "JavaFX-Launcher" [_thread_blocked, id=15568, stack(0x15e70000,0x15ec0000)]
  0x01641c00 JavaThread "Service Thread" daemon [_thread_blocked, id=6716, stack(0x15b30000,0x15b80000)]
  0x01623400 JavaThread "C1 CompilerThread0" daemon [_thread_blocked, id=15820, stack(0x15aa0000,0x15af0000)]
  0x01621c00 JavaThread "Attach Listener" daemon [_thread_blocked, id=4440, stack(0x15a10000,0x15a60000)]
  0x0161fc00 JavaThread "Signal Dispatcher" daemon [_thread_blocked, id=8800, stack(0x01f30000,0x01f80000)]
  0x01615c00 JavaThread "Finalizer" daemon [_thread_blocked, id=6884, stack(0x01d70000,0x01dc0000)]
  0x015b7800 JavaThread "Reference Handler" daemon [_thread_blocked, id=10316, stack(0x01ce0000,0x01d30000)]
  0x0171dc00 JavaThread "main" [_thread_blocked, id=12728, stack(0x00ef0000,0x00f40000)]

Other Threads:
  0x015b5000 VMThread [stack: 0x01c50000,0x01ca0000] [id=11308]
  0x01658800 WatcherThread [stack: 0x15bc0000,0x15c10000] [id=8596]

VM state:not at safepoint (normal execution)

VM Mutex/Monitor currently owned by a thread: None

Heap:
 def new generation   total 4928K, used 1513K [0x05400000, 0x05950000, 0x0a950000)
  eden space 4416K,  27% used [0x05400000, 0x0552b0d0, 0x05850000)
  from space 512K,  61% used [0x05850000, 0x0589f4c0, 0x058d0000)
  to   space 512K,   0% used [0x058d0000, 0x058d0000, 0x05950000)
 tenured generation   total 10944K, used 1521K [0x0a950000, 0x0b400000, 0x15400000)
   the space 10944K,  13% used [0x0a950000, 0x0aacc660, 0x0aacc800, 0x0b400000)
 Metaspace       used 2330K, capacity 4222K, committed 4288K, reserved 4480K

Card table byte_map: [0x01720000,0x017b0000] byte_map_base: 0x016f6000

Polling page: 0x00f40000

CodeCache: size=32768Kb used=1043Kb max_used=1043Kb free=31724Kb
 bounds [0x03400000, 0x03508000, 0x05400000]
 total_blobs=565 nmethods=273 adapters=223
 compilation: enabled

Compilation events (10 events):
Event: 1.819 Thread 0x01623400  269  s          sun.misc.PerfCounter::get (9 bytes)
Event: 1.819 Thread 0x01623400 nmethod 269 0x03504088 code [0x03504190, 0x0350436c]
Event: 1.819 Thread 0x01623400  270             java.nio.DirectLongBufferU::get (16 bytes)
Event: 1.819 Thread 0x01623400 nmethod 270 0x03504408 code [0x03504500, 0x035045b0]
Event: 1.819 Thread 0x01623400  271             java.nio.DirectLongBufferU::put (18 bytes)
Event: 1.819 Thread 0x01623400 nmethod 271 0x03504688 code [0x03504780, 0x03504840]
Event: 1.822 Thread 0x01623400  272             java.security.ProtectionDomain::getCodeSource (5 bytes)
Event: 1.822 Thread 0x01623400 nmethod 272 0x03504908 code [0x03504a00, 0x03504a80]
Event: 1.842 Thread 0x01623400  273             java.nio.file.Files::copy (41 bytes)
Event: 1.842 Thread 0x01623400 nmethod 273 0x03504ac8 code [0x03504be0, 0x03504d78]

GC Heap History (4 events):
Event: 0.393 GC heap before
{Heap before GC invocations=0 (full 0):
 def new generation   total 4928K, used 4416K [0x05400000, 0x05950000, 0x0a950000)
  eden space 4416K, 100% used [0x05400000, 0x05850000, 0x05850000)
  from space 512K,   0% used [0x05850000, 0x05850000, 0x058d0000)
  to   space 512K,   0% used [0x058d0000, 0x058d0000, 0x05950000)
 tenured generation   total 10944K, used 0K [0x0a950000, 0x0b400000, 0x15400000)
   the space 10944K,   0% used [0x0a950000, 0x0a950000, 0x0a950200, 0x0b400000)
 Metaspace       used 899K, capacity 2919K, committed 3008K, reserved 4480K
Event: 0.397 GC heap after
Heap after GC invocations=1 (full 0):
 def new generation   total 4928K, used 512K [0x05400000, 0x05950000, 0x0a950000)
  eden space 4416K,   0% used [0x05400000, 0x05400000, 0x05850000)
  from space 512K, 100% used [0x058d0000, 0x05950000, 0x05950000)
  to   space 512K,   0% used [0x05850000, 0x05850000, 0x058d0000)
 tenured generation   total 10944K, used 563K [0x0a950000, 0x0b400000, 0x15400000)
   the space 10944K,   5% used [0x0a950000, 0x0a9dcfb0, 0x0a9dd000, 0x0b400000)
 Metaspace       used 899K, capacity 2919K, committed 3008K, reserved 4480K
}
Event: 0.537 GC heap before
{Heap before GC invocations=1 (full 0):
 def new generation   total 4928K, used 4909K [0x05400000, 0x05950000, 0x0a950000)
  eden space 4416K,  99% used [0x05400000, 0x0584b608, 0x05850000)
  from space 512K, 100% used [0x058d0000, 0x05950000, 0x05950000)
  to   space 512K,   0% used [0x05850000, 0x05850000, 0x058d0000)
 tenured generation   total 10944K, used 563K [0x0a950000, 0x0b400000, 0x15400000)
   the space 10944K,   5% used [0x0a950000, 0x0a9dcfb0, 0x0a9dd000, 0x0b400000)
 Metaspace       used 2038K, capacity 4086K, committed 4160K, reserved 4480K
Event: 0.540 GC heap after
Heap after GC invocations=2 (full 0):
 def new generation   total 4928K, used 317K [0x05400000, 0x05950000, 0x0a950000)
  eden space 4416K,   0% used [0x05400000, 0x05400000, 0x05850000)
  from space 512K,  61% used [0x05850000, 0x0589f4c0, 0x058d0000)
  to   space 512K,   0% used [0x058d0000, 0x058d0000, 0x05950000)
 tenured generation   total 10944K, used 1521K [0x0a950000, 0x0b400000, 0x15400000)
   the space 10944K,  13% used [0x0a950000, 0x0aacc660, 0x0aacc800, 0x0b400000)
 Metaspace       used 2038K, capacity 4086K, committed 4160K, reserved 4480K
}

Deoptimization events (0 events):
No events

Classes redefined (0 events):
No events

Internal exceptions (10 events):
Event: 0.598 Thread 0x15d70400 Exception <a 'sun/nio/fs/WindowsException'> (0x05492158) thrown at [C:\re\workspace\8-2-build-windows-i586-cygwin\jdk8u161\10277\hotspot\src\share\vm\prims\jni.cpp, line 709]
Event: 0.598 Thread 0x15d70400 Exception <a 'sun/nio/fs/WindowsException'> (0x05492950) thrown at [C:\re\workspace\8-2-build-windows-i586-cygwin\jdk8u161\10277\hotspot\src\share\vm\prims\jni.cpp, line 709]
Event: 0.598 Thread 0x15d70400 Exception <a 'sun/nio/fs/WindowsException'> (0x05492fa8) thrown at [C:\re\workspace\8-2-build-windows-i586-cygwin\jdk8u161\10277\hotspot\src\share\vm\prims\jni.cpp, line 709]
Event: 0.598 Thread 0x15d70400 Exception <a 'sun/nio/fs/WindowsException'> (0x05493780) thrown at [C:\re\workspace\8-2-build-windows-i586-cygwin\jdk8u161\10277\hotspot\src\share\vm\prims\jni.cpp, line 709]
Event: 0.598 Thread 0x15d70400 Exception <a 'sun/nio/fs/WindowsException'> (0x05493da0) thrown at [C:\re\workspace\8-2-build-windows-i586-cygwin\jdk8u161\10277\hotspot\src\share\vm\prims\jni.cpp, line 709]
Event: 0.598 Thread 0x15d70400 Exception <a 'sun/nio/fs/WindowsException'> (0x05494558) thrown at [C:\re\workspace\8-2-build-windows-i586-cygwin\jdk8u161\10277\hotspot\src\share\vm\prims\jni.cpp, line 709]
Event: 0.598 Thread 0x15d70400 Exception <a 'sun/nio/fs/WindowsException'> (0x05494b28) thrown at [C:\re\workspace\8-2-build-windows-i586-cygwin\jdk8u161\10277\hotspot\src\share\vm\prims\jni.cpp, line 709]
Event: 0.598 Thread 0x15d70400 Exception <a 'sun/nio/fs/WindowsException'> (0x054952d0) thrown at [C:\re\workspace\8-2-build-windows-i586-cygwin\jdk8u161\10277\hotspot\src\share\vm\prims\jni.cpp, line 709]
Event: 0.598 Thread 0x15d70400 Exception <a 'sun/nio/fs/WindowsException'> (0x05495888) thrown at [C:\re\workspace\8-2-build-windows-i586-cygwin\jdk8u161\10277\hotspot\src\share\vm\prims\jni.cpp, line 709]
Event: 0.599 Thread 0x15d70400 Exception <a 'sun/nio/fs/WindowsException'> (0x05495fb0) thrown at [C:\re\workspace\8-2-build-windows-i586-cygwin\jdk8u161\10277\hotspot\src\share\vm\prims\jni.cpp, line 709]

Events (10 events):
Event: 1.818 loading class de/screenflow/frankenstein/vf/segment/NativeSegmentFilter
Event: 1.818 loading class de/screenflow/frankenstein/vf/segment/NativeSegmentFilter done
Event: 1.820 loading class cc0/NativeExample
Event: 1.820 loading class cc0/NativeExample done
Event: 1.822 loading class cc0/NativeFilter
Event: 1.822 loading class cc0/NativeFilter done
Event: 1.840 loading class java/io/DeleteOnExitHook
Event: 1.840 loading class java/io/DeleteOnExitHook done
Event: 1.840 loading class java/io/DeleteOnExitHook$1
Event: 1.840 loading class java/io/DeleteOnExitHook$1 done


Dynamic libraries:
0x00800000 - 0x00833000 	D:\Software\Java\jdk1.8.0_161-i586\bin\javaw.exe
0x779b0000 - 0x77b3e000 	C:\WINDOWS\SYSTEM32\ntdll.dll
0x750c0000 - 0x75190000 	C:\WINDOWS\System32\KERNEL32.DLL
0x776e0000 - 0x778a2000 	C:\WINDOWS\System32\KERNELBASE.dll
0x758e0000 - 0x75957000 	C:\WINDOWS\System32\ADVAPI32.dll
0x75cf0000 - 0x75dad000 	C:\WINDOWS\System32\msvcrt.dll
0x756c0000 - 0x75701000 	C:\WINDOWS\System32\sechost.dll
0x75ac0000 - 0x75b80000 	C:\WINDOWS\System32\RPCRT4.dll
0x74480000 - 0x744a0000 	C:\WINDOWS\System32\SspiCli.dll
0x74470000 - 0x7447a000 	C:\WINDOWS\System32\CRYPTBASE.dll
0x75430000 - 0x75487000 	C:\WINDOWS\System32\bcryptPrimitives.dll
0x75190000 - 0x752cc000 	C:\WINDOWS\System32\USER32.dll
0x756a0000 - 0x756b6000 	C:\WINDOWS\System32\win32u.dll
0x74af0000 - 0x74b11000 	C:\WINDOWS\System32\GDI32.dll
0x75960000 - 0x75ab8000 	C:\WINDOWS\System32\gdi32full.dll
0x75710000 - 0x75789000 	C:\WINDOWS\System32\msvcp_win.dll
0x76270000 - 0x76388000 	C:\WINDOWS\System32\ucrtbase.dll
0x6f6c0000 - 0x6f8ce000 	C:\WINDOWS\WinSxS\x86_microsoft.windows.common-controls_6595b64144ccf1df_6.0.15063.483_none_6dad63fefc436da8\COMCTL32.dll
0x74e10000 - 0x75048000 	C:\WINDOWS\System32\combase.dll
0x75090000 - 0x750b5000 	C:\WINDOWS\System32\IMM32.DLL
0x78090000 - 0x7814d000 	D:\Software\Java\jdk1.8.0_161-i586\jre\bin\msvcr100.dll
0x6cac0000 - 0x6ce90000 	D:\Software\Java\jdk1.8.0_161-i586\jre\bin\client\jvm.dll
0x744a0000 - 0x744a6000 	C:\WINDOWS\System32\PSAPI.DLL
0x72c10000 - 0x72c34000 	C:\WINDOWS\SYSTEM32\WINMM.dll
0x73350000 - 0x73358000 	C:\WINDOWS\SYSTEM32\WSOCK32.dll
0x74450000 - 0x74458000 	C:\WINDOWS\SYSTEM32\VERSION.dll
0x75490000 - 0x754f7000 	C:\WINDOWS\System32\WS2_32.dll
0x72930000 - 0x72953000 	C:\WINDOWS\SYSTEM32\winmmbase.dll
0x75050000 - 0x75089000 	C:\WINDOWS\System32\cfgmgr32.dll
0x5f150000 - 0x5f15c000 	D:\Software\Java\jdk1.8.0_161-i586\jre\bin\verify.dll
0x5f020000 - 0x5f042000 	D:\Software\Java\jdk1.8.0_161-i586\jre\bin\java.dll
0x5ef90000 - 0x5efa4000 	D:\Software\Java\jdk1.8.0_161-i586\jre\bin\zip.dll
0x76390000 - 0x776d8000 	C:\WINDOWS\System32\SHELL32.dll
0x755f0000 - 0x7567c000 	C:\WINDOWS\System32\shcore.dll
0x74500000 - 0x74a87000 	C:\WINDOWS\System32\windows.storage.dll
0x744b0000 - 0x744f5000 	C:\WINDOWS\System32\shlwapi.dll
0x778b0000 - 0x778be000 	C:\WINDOWS\System32\kernel.appcore.dll
0x77960000 - 0x779a5000 	C:\WINDOWS\System32\powrprof.dll
0x75680000 - 0x75690000 	C:\WINDOWS\System32\profapi.dll
0x74300000 - 0x74313000 	C:\WINDOWS\SYSTEM32\CRYPTSP.dll
0x742d0000 - 0x742ff000 	C:\WINDOWS\system32\rsaenh.dll
0x742b0000 - 0x742c8000 	C:\WINDOWS\SYSTEM32\bcrypt.dll
0x741c0000 - 0x741e2000 	C:\WINDOWS\SYSTEM32\USERENV.dll
0x5c580000 - 0x5c595000 	D:\Software\Java\jdk1.8.0_161-i586\jre\bin\net.dll
0x73ea0000 - 0x73eee000 	C:\WINDOWS\system32\mswsock.dll
0x74110000 - 0x7413f000 	C:\WINDOWS\SYSTEM32\IPHLPAPI.DLL
0x75db0000 - 0x75db7000 	C:\WINDOWS\System32\NSI.dll
0x73f70000 - 0x73f83000 	C:\WINDOWS\SYSTEM32\dhcpcsvc6.DLL
0x73f10000 - 0x73f24000 	C:\WINDOWS\SYSTEM32\dhcpcsvc.DLL
0x5ef50000 - 0x5ef5f000 	D:\Software\Java\jdk1.8.0_161-i586\jre\bin\nio.dll
0x5c570000 - 0x5c573000 	D:\Software\Java\jdk1.8.0_161-i586\jre\bin\api-ms-win-core-console-l1-1-0.dll
0x5c560000 - 0x5c563000 	D:\Software\Java\jdk1.8.0_161-i586\jre\bin\api-ms-win-core-datetime-l1-1-0.dll
0x5c550000 - 0x5c553000 	D:\Software\Java\jdk1.8.0_161-i586\jre\bin\api-ms-win-core-debug-l1-1-0.dll
0x5c540000 - 0x5c543000 	D:\Software\Java\jdk1.8.0_161-i586\jre\bin\api-ms-win-core-errorhandling-l1-1-0.dll
0x51930000 - 0x51934000 	D:\Software\Java\jdk1.8.0_161-i586\jre\bin\api-ms-win-core-file-l1-1-0.dll
0x50030000 - 0x50033000 	D:\Software\Java\jdk1.8.0_161-i586\jre\bin\api-ms-win-core-file-l1-2-0.dll
0x50020000 - 0x50023000 	D:\Software\Java\jdk1.8.0_161-i586\jre\bin\api-ms-win-core-file-l2-1-0.dll
0x77d40000 - 0x77d43000 	D:\Software\Java\jdk1.8.0_161-i586\jre\bin\api-ms-win-core-handle-l1-1-0.dll
0x77d30000 - 0x77d33000 	D:\Software\Java\jdk1.8.0_161-i586\jre\bin\api-ms-win-core-heap-l1-1-0.dll
0x77d20000 - 0x77d23000 	D:\Software\Java\jdk1.8.0_161-i586\jre\bin\api-ms-win-core-interlocked-l1-1-0.dll
0x77d10000 - 0x77d13000 	D:\Software\Java\jdk1.8.0_161-i586\jre\bin\api-ms-win-core-libraryloader-l1-1-0.dll
0x77d00000 - 0x77d03000 	D:\Software\Java\jdk1.8.0_161-i586\jre\bin\api-ms-win-core-localization-l1-2-0.dll
0x77cf0000 - 0x77cf3000 	D:\Software\Java\jdk1.8.0_161-i586\jre\bin\api-ms-win-core-memory-l1-1-0.dll
0x77ce0000 - 0x77ce3000 	D:\Software\Java\jdk1.8.0_161-i586\jre\bin\api-ms-win-core-namedpipe-l1-1-0.dll
0x77bf0000 - 0x77bf3000 	D:\Software\Java\jdk1.8.0_161-i586\jre\bin\api-ms-win-core-processenvironment-l1-1-0.dll
0x77be0000 - 0x77be3000 	D:\Software\Java\jdk1.8.0_161-i586\jre\bin\api-ms-win-core-processthreads-l1-1-0.dll
0x77bd0000 - 0x77bd3000 	D:\Software\Java\jdk1.8.0_161-i586\jre\bin\api-ms-win-core-processthreads-l1-1-1.dll
0x77bc0000 - 0x77bc3000 	D:\Software\Java\jdk1.8.0_161-i586\jre\bin\api-ms-win-core-profile-l1-1-0.dll
0x77bb0000 - 0x77bb3000 	D:\Software\Java\jdk1.8.0_161-i586\jre\bin\api-ms-win-core-rtlsupport-l1-1-0.dll
0x77ba0000 - 0x77ba3000 	D:\Software\Java\jdk1.8.0_161-i586\jre\bin\api-ms-win-core-string-l1-1-0.dll
0x77b90000 - 0x77b93000 	D:\Software\Java\jdk1.8.0_161-i586\jre\bin\api-ms-win-core-synch-l1-1-0.dll
0x77b80000 - 0x77b83000 	D:\Software\Java\jdk1.8.0_161-i586\jre\bin\api-ms-win-core-synch-l1-2-0.dll
0x01fc0000 - 0x01fc3000 	D:\Software\Java\jdk1.8.0_161-i586\jre\bin\api-ms-win-core-sysinfo-l1-1-0.dll
0x15ec0000 - 0x15ec3000 	D:\Software\Java\jdk1.8.0_161-i586\jre\bin\api-ms-win-core-timezone-l1-1-0.dll
0x15ed0000 - 0x15ed3000 	D:\Software\Java\jdk1.8.0_161-i586\jre\bin\api-ms-win-core-util-l1-1-0.dll
0x15ee0000 - 0x15ee3000 	D:\Software\Java\jdk1.8.0_161-i586\jre\bin\api-ms-win-crt-conio-l1-1-0.dll
0x15ef0000 - 0x15ef4000 	D:\Software\Java\jdk1.8.0_161-i586\jre\bin\api-ms-win-crt-convert-l1-1-0.dll
0x15f00000 - 0x15f03000 	D:\Software\Java\jdk1.8.0_161-i586\jre\bin\api-ms-win-crt-environment-l1-1-0.dll
0x15f10000 - 0x15f13000 	D:\Software\Java\jdk1.8.0_161-i586\jre\bin\api-ms-win-crt-filesystem-l1-1-0.dll
0x15f20000 - 0x15f23000 	D:\Software\Java\jdk1.8.0_161-i586\jre\bin\api-ms-win-crt-heap-l1-1-0.dll
0x15f30000 - 0x15f33000 	D:\Software\Java\jdk1.8.0_161-i586\jre\bin\api-ms-win-crt-locale-l1-1-0.dll
0x15f40000 - 0x15f45000 	D:\Software\Java\jdk1.8.0_161-i586\jre\bin\api-ms-win-crt-math-l1-1-0.dll
0x15f50000 - 0x15f55000 	D:\Software\Java\jdk1.8.0_161-i586\jre\bin\api-ms-win-crt-multibyte-l1-1-0.dll
0x15f60000 - 0x15f70000 	D:\Software\Java\jdk1.8.0_161-i586\jre\bin\api-ms-win-crt-private-l1-1-0.dll
0x15f70000 - 0x15f73000 	D:\Software\Java\jdk1.8.0_161-i586\jre\bin\api-ms-win-crt-process-l1-1-0.dll
0x15f80000 - 0x15f84000 	D:\Software\Java\jdk1.8.0_161-i586\jre\bin\api-ms-win-crt-runtime-l1-1-0.dll
0x15f90000 - 0x15f94000 	D:\Software\Java\jdk1.8.0_161-i586\jre\bin\api-ms-win-crt-stdio-l1-1-0.dll
0x15fa0000 - 0x15fa4000 	D:\Software\Java\jdk1.8.0_161-i586\jre\bin\api-ms-win-crt-string-l1-1-0.dll
0x15fb0000 - 0x15fb3000 	D:\Software\Java\jdk1.8.0_161-i586\jre\bin\api-ms-win-crt-time-l1-1-0.dll
0x15fc0000 - 0x15fc3000 	D:\Software\Java\jdk1.8.0_161-i586\jre\bin\api-ms-win-crt-utility-l1-1-0.dll
0x168b0000 - 0x169c8000 	D:\Software\Java\jdk1.8.0_161-i586\jre\bin\ucrtbase.dll
0x169d0000 - 0x16a0b000 	D:\Software\Java\jdk1.8.0_161-i586\jre\bin\concrt140.dll
0x705e0000 - 0x70651000 	C:\WINDOWS\SYSTEM32\MSVCP140.dll
0x70810000 - 0x70825000 	C:\WINDOWS\SYSTEM32\VCRUNTIME140.dll
0x15fd0000 - 0x15fe4000 	D:\Software\Java\jdk1.8.0_161-i586\jre\bin\vcruntime140.dll
0x16a10000 - 0x16a7c000 	D:\Software\Java\jdk1.8.0_161-i586\jre\bin\msvcp140.dll
0x6fc70000 - 0x6fc8f000 	D:\Software\Java\jdk1.8.0_161-i586\jre\bin\prism_d3d.dll
0x16e10000 - 0x16f72000 	C:\WINDOWS\system32\d3d9.dll
0x723e0000 - 0x72403000 	C:\WINDOWS\SYSTEM32\dwmapi.dll
0x72410000 - 0x72488000 	C:\WINDOWS\system32\uxtheme.dll
0x17110000 - 0x1c7c1000 	C:\WINDOWS\System32\DriverStore\FileRepository\ki120202.inf_amd64_d26b331c212b3353\igdumdim32.dll
0x778c0000 - 0x77956000 	C:\WINDOWS\System32\OLEAUT32.dll
0x752d0000 - 0x753c3000 	C:\WINDOWS\System32\ole32.dll
0x75e50000 - 0x7626a000 	C:\WINDOWS\System32\SETUPAPI.dll
0x6d8f0000 - 0x6d928000 	D:\Software\Java\jdk1.8.0_161-i586\jre\bin\glass.dll
0x75500000 - 0x755ef000 	C:\WINDOWS\System32\COMDLG32.dll
0x75790000 - 0x758d6000 	C:\WINDOWS\System32\MSCTF.dll
0x56ef0000 - 0x57dcc000 	C:\WINDOWS\System32\DriverStore\FileRepository\ki120202.inf_amd64_d26b331c212b3353\igc32.dll
0x20b60000 - 0x22502000 	C:\Users\OliverRode\AppData\Local\Temp\opencv_openpnp6382462632698666386\nu\pattern\opencv\windows\x86_32\opencv_java320.dll
0x22510000 - 0x22532000 	C:\WINDOWS\SYSTEM32\MSVFW32.dll
0x170e0000 - 0x170fb000 	C:\WINDOWS\SYSTEM32\AVIFIL32.dll
0x22540000 - 0x22554000 	C:\WINDOWS\SYSTEM32\AVICAP32.dll
0x5f130000 - 0x5f148000 	C:\WINDOWS\SYSTEM32\MSACM32.dll
0x00400000 - 0x00411000 	C:\Users\OliverRode\AppData\Local\Temp\frankenstein4264522136725757644\cc0\jniplugin-32.dll
0x72660000 - 0x727bd000 	C:\WINDOWS\SYSTEM32\dbghelp.dll

VM Arguments:
jvm_args: -DOPENH264_LIBRARY_PATH_UNSET 
java_command: D:\Projekte\privat\git\Frankenstein\app/target/frankenstein.jar
java_class_path (initial): D:\Projekte\privat\git\Frankenstein\app/target/frankenstein.jar
Launcher Type: SUN_STANDARD

Environment Variables:
JAVA_HOME=D:/Software/Java/jdk1.8.0_161-i586
PATH=C:\Users\OliverRode\AppData\Local\Programs\Git\mingw64\bin;C:\Users\OliverRode\AppData\Local\Programs\Git\usr\local\bin;C:\Users\OliverRode\AppData\Local\Programs\Git\usr\bin;C:\Users\OliverRode\AppData\Local\Programs\Git\usr\bin;C:\Users\OliverRode\AppData\Local\Programs\Git\mingw64\bin;C:\Users\OliverRode\AppData\Local\Programs\Git\usr\bin;X:\bin;C:\WINDOWS\system32;C:\WINDOWS;C:\WINDOWS\System32\Wbem;C:\WINDOWS\System32\WindowsPowerShell\v1.0;D:\NonBKU\docker;C:\Program Files\Git\cmd;C:\Users\OliverRode\AppData\Local\Microsoft\WindowsApps;C:\Users\OliverRode\AppData\Local\Programs\Git\usr\bin\vendor_perl;C:\Users\OliverRode\AppData\Local\Programs\Git\usr\bin\core_perl;D:\Software\maven\bin;D:\Software\Java\jdk1.8.0_161-i586\bin;C:\Users\OliverRode\AppData\Local\Programs\Python\Python36-32;C:\Users\OliverRode\AppData\Local\Programs\Python\Python36-32\Scripts;D:\Software\mingw64\bin;D:\Software\cmake\bin;D:\Software\maven\bin;D:\Software\ffmpeg\bin;X:\bin
USERNAME=OliverRode
SHELL=C:\Users\OliverRode\AppData\Local\Programs\Git\usr\bin\bash.exe
DISPLAY=needs-to-be-defined
OS=Windows_NT
PROCESSOR_IDENTIFIER=Intel64 Family 6 Model 78 Stepping 3, GenuineIntel



---------------  S Y S T E M  ---------------

OS: Windows 10.0 , 64 bit Build 15063 (10.0.15063.296)

CPU:total 4 (initial active 4) (2 cores per cpu, 2 threads per core) family 6 model 78 stepping 3, cmov, cx8, fxsr, mmx, sse, sse2, sse3, ssse3, sse4.1, sse4.2, popcnt, avx, avx2, aes, clmul, erms, 3dnowpref, lzcnt, ht, tsc, tscinvbit, bmi1, bmi2, adx

Memory: 4k page, physical 8268792k(2168348k free), swap 21375988k(12438968k free)

vm_info: Java HotSpot(TM) Client VM (25.161-b12) for windows-x86 JRE (1.8.0_161-b12), built on Dec 19 2017 17:09:29 by "java_re" with MS VC++ 10.0 (VS2010)

time: Fri Mar 23 15:02:54 2018
elapsed time: 1 seconds (0d 0h 0m 1s)

